INFO: [VRFC 10-2263] Analyzing Verilog file "E:/Code/Vivado/MIPS32/project.srcs/sources_1/mips32scpu/ex.v" into library xil_defaultlib
INFO: [VRFC 10-311] analyzing module ex
INFO: [VRFC 10-2263] Analyzing Verilog file "E:/Code/Vivado/MIPS32/project.srcs/sources_1/mips32scpu/ex_mem.v" into library xil_defaultlib
INFO: [VRFC 10-311] analyzing module ex_mem
INFO: [VRFC 10-2263] Analyzing Verilog file "E:/Code/Vivado/MIPS32/project.srcs/sources_1/mips32scpu/hilo_reg.v" into library xil_defaultlib
INFO: [VRFC 10-311] analyzing module hilo_reg
INFO: [VRFC 10-2263] Analyzing Verilog file "E:/Code/Vivado/MIPS32/project.srcs/sources_1/mips32scpu/id.v" into library xil_defaultlib
INFO: [VRFC 10-311] analyzing module id
INFO: [VRFC 10-2263] Analyzing Verilog file "E:/Code/Vivado/MIPS32/project.srcs/sources_1/mips32scpu/id_ex.v" into library xil_defaultlib
INFO: [VRFC 10-311] analyzing module id_ex
INFO: [VRFC 10-2263] Analyzing Verilog file "E:/Code/Vivado/MIPS32/project.srcs/sources_1/mips32scpu/if_id.v" into library xil_defaultlib
INFO: [VRFC 10-311] analyzing module if_id
INFO: [VRFC 10-2263] Analyzing Verilog file "E:/Code/Vivado/MIPS32/project.srcs/sources_1/mips32scpu/inst_rom.v" into library xil_defaultlib
INFO: [VRFC 10-311] analyzing module inst_rom
INFO: [VRFC 10-2263] Analyzing Verilog file "E:/Code/Vivado/MIPS32/project.srcs/sources_1/mips32scpu/mem.v" into library xil_defaultlib
INFO: [VRFC 10-311] analyzing module mem
INFO: [VRFC 10-2263] Analyzing Verilog file "E:/Code/Vivado/MIPS32/project.srcs/sources_1/mips32scpu/mem_wb.v" into library xil_defaultlib
INFO: [VRFC 10-311] analyzing module mem_wb
INFO: [VRFC 10-2263] Analyzing Verilog file "E:/Code/Vivado/MIPS32/project.srcs/sources_1/mips32scpu/openmips.v" into library xil_defaultlib
INFO: [VRFC 10-311] analyzing module openmips
INFO: [VRFC 10-2263] Analyzing Verilog file "E:/Code/Vivado/MIPS32/project.srcs/sources_1/mips32scpu/openmips_min_sopc.v" into library xil_defaultlib
INFO: [VRFC 10-311] analyzing module openmips_min_sopc
INFO: [VRFC 10-2263] Analyzing Verilog file "E:/Code/Vivado/MIPS32/project.srcs/sources_1/mips32scpu/pc_reg.v" into library xil_defaultlib
INFO: [VRFC 10-311] analyzing module pc_reg
INFO: [VRFC 10-2263] Analyzing Verilog file "E:/Code/Vivado/MIPS32/project.srcs/sources_1/mips32scpu/regfile.v" into library xil_defaultlib
INFO: [VRFC 10-311] analyzing module regfile
INFO: [VRFC 10-2263] Analyzing Verilog file "E:/Code/Vivado/MIPS32/project.srcs/sources_1/mips32scpu/openmips_min_sopc_tb.v" into library xil_defaultlib
INFO: [VRFC 10-311] analyzing module openmips_min_sopc_tb
INFO: [VRFC 10-2263] Analyzing Verilog file "E:/Code/Vivado/MIPS32/project.sim/sim_1/behav/glbl.v" into library xil_defaultlib
INFO: [VRFC 10-311] analyzing module glbl
