#-----------------------------------------------------------
# Vivado v2017.1 (64-bit)
# SW Build 1846317 on Fri Apr 14 18:55:03 MDT 2017
# IP Build 1846188 on Fri Apr 14 20:52:08 MDT 2017
# Start of session at: Sun Jul 16 06:38:31 2017
# Process ID: 2844
# Current directory: E:/Code/Vivado/MIPS32
# Command line: vivado.exe -gui_launcher_event rodinguilauncherevent888 E:\Code\Vivado\MIPS32\project.xpr
# Log file: E:/Code/Vivado/MIPS32/vivado.log
# Journal file: E:/Code/Vivado/MIPS32\vivado.jou
#-----------------------------------------------------------
start_gui
open_project E:/Code/Vivado/MIPS32/project.xpr
Scanning sources...
Finished scanning sources
INFO: [IP_Flow 19-234] Refreshing IP repositories
INFO: [IP_Flow 19-1704] No user IP repositories specified
INFO: [IP_Flow 19-2313] Loaded Vivado IP repository 'F:/Vivodo/1/Vivado/2017.1/data/ip'.
open_project: Time (s): cpu = 00:00:12 ; elapsed = 00:00:08 . Memory (MB): peak = 832.930 ; gain = 136.879
update_compile_order -fileset sources_1
close [ open E:/Code/Vivado/MIPS32/project.srcs/sources_1/new/ctrl.v w ]
add_files E:/Code/Vivado/MIPS32/project.srcs/sources_1/new/ctrl.v
update_compile_order -fileset sources_1
update_compile_order -fileset sources_1
