#-----------------------------------------------------------
# Vivado v2017.1 (64-bit)
# SW Build 1846317 on Fri Apr 14 18:55:03 MDT 2017
# IP Build 1846188 on Fri Apr 14 20:52:08 MDT 2017
# Start of session at: Sat Jul 15 21:25:51 2017
# Process ID: 9528
# Current directory: E:/Code/Vivado/MIPS32
# Command line: vivado.exe -gui_launcher_event rodinguilauncherevent8772 E:\Code\Vivado\MIPS32\project.xpr
# Log file: E:/Code/Vivado/MIPS32/vivado.log
# Journal file: E:/Code/Vivado/MIPS32\vivado.jou
#-----------------------------------------------------------
start_gui
open_project E:/Code/Vivado/MIPS32/project.xpr
Scanning sources...
Finished scanning sources
INFO: [IP_Flow 19-234] Refreshing IP repositories
INFO: [IP_Flow 19-1704] No user IP repositories specified
INFO: [IP_Flow 19-2313] Loaded Vivado IP repository 'F:/Vivodo/1/Vivado/2017.1/data/ip'.
open_project: Time (s): cpu = 00:00:14 ; elapsed = 00:00:08 . Memory (MB): peak = 848.070 ; gain = 139.867
update_compile_order -fileset sources_1
exit
INFO: [Common 17-206] Exiting Vivado at Sat Jul 15 21:32:10 2017...
