#-----------------------------------------------------------
# Vivado v2017.1 (64-bit)
# SW Build 1846317 on Fri Apr 14 18:55:03 MDT 2017
# IP Build 1846188 on Fri Apr 14 20:52:08 MDT 2017
# Start of session at: Tue Jul  4 20:32:46 2017
# Process ID: 9992
# Current directory: E:/Code/Vivado/MIPS32
# Command line: vivado.exe -gui_launcher_event rodinguilauncherevent8764 E:\Code\Vivado\MIPS32\project.xpr
# Log file: E:/Code/Vivado/MIPS32/vivado.log
# Journal file: E:/Code/Vivado/MIPS32\vivado.jou
#-----------------------------------------------------------
start_gui
open_project E:/Code/Vivado/MIPS32/project.xpr
INFO: [Project 1-313] Project file moved from 'C:/Users/xiaobing1117/Desktop/project/project' since last save.
Scanning sources...
Finished scanning sources
INFO: [IP_Flow 19-234] Refreshing IP repositories
INFO: [IP_Flow 19-1704] No user IP repositories specified
INFO: [IP_Flow 19-2313] Loaded Vivado IP repository 'F:/Vivodo/1/Vivado/2017.1/data/ip'.
open_project: Time (s): cpu = 00:00:12 ; elapsed = 00:00:11 . Memory (MB): peak = 741.285 ; gain = 43.969
update_compile_order -fileset sources_1
close [ open E:/Code/Vivado/MIPS32/project.srcs/sources_1/new/defines.v w ]
add_files E:/Code/Vivado/MIPS32/project.srcs/sources_1/new/defines.v
update_compile_order -fileset sources_1
close_project
exit
INFO: [Common 17-206] Exiting Vivado at Tue Jul  4 21:47:52 2017...
